<?xml version="1.0" encoding="UTF-8"?>
<!-- Generated by org.testng.reporters.JUnitXMLReporter -->
<testsuite hostname="PUNEDEV13" ignored="0" name="Default test" tests="4" failures="0" timestamp="01 Oct 2018 13:55:39 GMT" time="393.855" errors="0">
  <testcase name="ToVerifyTimesheetNewCreation" time="162.42" classname="WorkFlow.ToVerifyTimesheetCreationUsingCSV"/>
  <testcase name="ToVerifyTimesheetGetsApprovedFromManager" time="85.343" classname="WorkFlow.ToVerifyTimesheetCreationUsingCSV"/>
  <testcase name="ToVerifyTimesheetGetsRejectedFromManager" time="38.566" classname="WorkFlow.ToVerifyTimesheetCreationUsingCSV"/>
  <testcase name="ToVerifyCreatedTimesheetGetsDeleted" time="107.269" classname="WorkFlow.ToVerifyTimesheetCreationUsingCSV"/>
</testsuite> <!-- Default test -->
